VERCEL_TOKEN is set, running vercel pull...
> NOTE: The Vercel CLI now collects telemetry regarding usage of the CLI.
> This information is used to shape the CLI roadmap and prioritize features.
> You can learn more, including how to opt-out if you'd not like to participate in this program, by visiting the following URL:
> https://vercel.com/docs/cli/about-telemetry
Retrieving project…
> Downloading `production` Environment Variables for getleft1998-cpus-projects/pile
Downloading
Created .vercel/.env.production.local file  [122ms]

> Downloading project settings
Downloaded project settings to ~/work/pile/pile/.vercel/project.json [0ms]
WARNING! Build not running on Vercel. System environment variables will not be available.
Installing dependencies...

added 68 packages in 9s

15 packages are looking for funding
  run `npm fund` for details
Detected Next.js version: 16.2.5
Running "npm run build"

> pile-337-landing@1.0.0 build
> next build

Attention: Next.js now collects completely anonymous telemetry regarding usage.
This information is used to shape Next.js' roadmap and prioritize features.
You can learn more, including how to opt-out if you'd not like to participate in this anonymous program, by visiting the following URL:
https://nextjs.org/telemetry

▲ Next.js 16.2.5 (Turbopack)
- Experiments (use with caution):
  · cpus: 1
  ✓ workerThreads

  Creating an optimized production build ...
✓ Compiled successfully in 3.4s
  Running TypeScript ...
  Finished TypeScript in 3.7s ...
  Collecting page data using 1 worker ...
  Generating static pages using 1 worker (0/16) ...
  Finalizing page optimization ...

Route (app)
┌ ƒ /
├ ○ /_not-found
├ ○ /admin
├ ○ /admin/categories
├ ○ /admin/login
├ ○ /admin/orders
├ ○ /admin/products
├ ƒ /admin/products/[id]/variants
├ ƒ /api/admin/auth
├ ƒ /api/admin/categories
├ ƒ /api/admin/categories/[id]
├ ƒ /api/admin/orders
├ ƒ /api/admin/orders/[id]
├ ƒ /api/admin/products
├ ƒ /api/admin/products/[id]
├ ƒ /api/admin/products/[id]/backfill-images
├ ƒ /api/admin/products/missing-images
├ ƒ /api/admin/variants
├ ƒ /api/admin/variants/[id]
├ ƒ /api/orders
├ ○ /cart
├ ƒ /categories
├ ƒ /categories/[slug]
├ ○ /checkout
├ ƒ /order-confirmation
└ ƒ /products/[slug]


ƒ Proxy (Middleware)

○  (Static)   prerendered as static content
ƒ  (Dynamic)  server-rendered on demand

Traced Next.js server files in: 38.88ms
Created all serverless functions in: 184.988ms
Collected static files (public/, static/, .next/static): 2.461ms
Build Completed in .vercel/output [18s]
Retrieving project…
Deploying getleft1998-cpus-projects/pile
Uploading [--------------------] (0.0B/1.1MB)
Uploading [=====---------------] (285.1KB/1.1MB)
Uploading [==========----------] (554.2KB/1.1MB)
Uploading [===============-----] (830.3KB/1.1MB)
Uploading [====================] (1.1MB/1.1MB)
Inspect: https://vercel.com/getleft1998-cpus-projects/pile/7p5rRA8un3P6no33kkHfFZoWdE7Y [3s]
Production: https://pile-36xl4hlcr-getleft1998-cpus-projects.vercel.app [3s]
https://pile-36xl4hlcr-getleft1998-cpus-projects.vercel.appBuilding...
Building...
Building: Running build in Washington, D.C., USA (East) – iad1
Building: Build machine configuration: 2 cores, 8 GB
Building: Retrieving list of deployment files...
Building: Downloading 627 deployment files...
Building: Using prebuilt build artifacts from .vercel/output
Building: Learn more: https://vercel.link/build-output-api
Building: Deploying outputs...
[2K[1A[2K[GProduction: https://pile-36xl4hlcr-getleft1998-cpus-projects.vercel.app [18s]
Completing...
Aliased: https://pile-theta.vercel.app [18s]

Pull: success
Build: success
Deploy: success
